\BOOKMARK [0][]{chapter.1}{Introduction}{}
\BOOKMARK [1][]{section.1.1}{Pr\351sentation du sujet}{chapter.1}
\BOOKMARK [1][]{section.1.2}{\311quipe d'accueil}{chapter.1}
\BOOKMARK [1][]{section.1.3}{D\351roulement du projet}{chapter.1}
\BOOKMARK [0][]{chapter.2}{Rapport de documentation}{}
\BOOKMARK [1][]{section.2.1}{Introduction }{chapter.2}
\BOOKMARK [1][]{section.2.2}{Pr\351sentation du probl\350me}{chapter.2}
\BOOKMARK [2][]{subsection.2.2.1}{D\351finition du contexte}{section.2.2}
\BOOKMARK [2][]{subsection.2.2.2}{Exemple}{section.2.2}
\BOOKMARK [1][]{section.2.3}{M\351thodes de calculs}{chapter.2}
\BOOKMARK [2][]{subsection.2.3.1}{M\351thodes formelles}{section.2.3}
\BOOKMARK [2][]{subsection.2.3.2}{M\351thodes num\351riques}{section.2.3}
\BOOKMARK [1][]{section.2.4}{R\351solution par Intervalles}{chapter.2}
\BOOKMARK [2][]{subsection.2.4.1}{L'Arithm\351tique des intervalles}{section.2.4}
\BOOKMARK [2][]{subsection.2.4.2}{Utilisation des intervalles pour la notion de contraintes}{section.2.4}
\BOOKMARK [2][]{subsection.2.4.3}{Exemples d'application}{section.2.4}
\BOOKMARK [1][]{section.2.5}{Mise en \234uvre de la m\351thode de r\351solution par intervalles}{chapter.2}
\BOOKMARK [2][]{subsection.2.5.1}{Algorithmes}{section.2.5}
\BOOKMARK [2][]{subsection.2.5.2}{Donn\351es en sortie}{section.2.5}
\BOOKMARK [2][]{subsection.2.5.3}{Outils existant}{section.2.5}
\BOOKMARK [0][]{chapter.3}{Contributions}{}
\BOOKMARK [1][]{section.3.1}{Introduction}{chapter.3}
\BOOKMARK [1][]{section.3.2}{D\351finition de la bo\356te}{chapter.3}
\BOOKMARK [2][]{subsection.3.2.1}{G\351n\351ricit\351 des caract\351ristiques}{section.3.2}
\BOOKMARK [1][]{section.3.3}{Pavage}{chapter.3}
\BOOKMARK [2][]{subsection.3.3.1}{Probl\351matique}{section.3.3}
\BOOKMARK [2][]{subsection.3.3.2}{\311tude de structures}{section.3.3}
\BOOKMARK [1][]{section.3.4}{Stockage des bo\356tes et visualisation}{chapter.3}
\BOOKMARK [2][]{subsection.3.4.1}{\311tude d'une solution possible : le QuadTree}{section.3.4}
\BOOKMARK [2][]{subsection.3.4.2}{\311tude d'une seconde solution : le R-tree}{section.3.4}
\BOOKMARK [2][]{subsection.3.4.3}{Conclusion}{section.3.4}
\BOOKMARK [0][]{chapter.4}{\311tude pratique}{}
\BOOKMARK [1][]{section.4.1}{Acc\350s au \351l\351ment d'une bo\356te}{chapter.4}
\BOOKMARK [2][]{subsection.4.1.1}{Tests d'acc\350s au caract\351ristiques}{section.4.1}
\BOOKMARK [1][]{section.4.2}{Annexes}{chapter.4}
\BOOKMARK [2][]{subsection.4.2.1}{\311tudes de performance avec des Maps}{section.4.2}
\BOOKMARK [1][]{section.4.3}{\311tudes de performance avec des Tableaux et des Listes}{chapter.4}
\BOOKMARK [1][]{section.4.4}{\311tudes de performance avec des maps globales}{chapter.4}
\BOOKMARK [1][]{section.4.5}{Chargement de pavages}{chapter.4}
\BOOKMARK [2][]{subsection.4.5.1}{Map internes}{section.4.5}
\BOOKMARK [2][]{subsection.4.5.2}{Listes et Tableaux internes}{section.4.5}
\BOOKMARK [2][]{subsection.4.5.3}{Maps globales}{section.4.5}
\BOOKMARK [0][]{appendix.A}{Annexes}{}
\BOOKMARK [1][]{section.A.1}{Cahier des charges}{appendix.A}
\BOOKMARK [1][]{section.A.2}{Documents de sp\351fications}{appendix.A}
